Determining if the pthread_create exist failed with the following output:
Change Dir: /opt/ros/jade/stacks/Qbo/camera_umd/uvc_camera/build/CMakeFiles/CMakeTmp

Run Build Command:/usr/bin/make "cmTryCompileExec2531077502/fast"
make[1]: Entering directory `/opt/ros/jade/stacks/Qbo/camera_umd/uvc_camera/build/CMakeFiles/CMakeTmp'
/usr/bin/make -f CMakeFiles/cmTryCompileExec2531077502.dir/build.make CMakeFiles/cmTryCompileExec2531077502.dir/build
make[2]: Entering directory `/opt/ros/jade/stacks/Qbo/camera_umd/uvc_camera/build/CMakeFiles/CMakeTmp'
/usr/bin/cmake -E cmake_progress_report /opt/ros/jade/stacks/Qbo/camera_umd/uvc_camera/build/CMakeFiles/CMakeTmp/CMakeFiles 1
Building C object CMakeFiles/cmTryCompileExec2531077502.dir/CheckSymbolExists.c.o
/usr/bin/cc    -o CMakeFiles/cmTryCompileExec2531077502.dir/CheckSymbolExists.c.o   -c /opt/ros/jade/stacks/Qbo/camera_umd/uvc_camera/build/CMakeFiles/CMakeTmp/CheckSymbolExists.c
Linking C executable cmTryCompileExec2531077502
/usr/bin/cmake -E cmake_link_script CMakeFiles/cmTryCompileExec2531077502.dir/link.txt --verbose=1
/usr/bin/cc       CMakeFiles/cmTryCompileExec2531077502.dir/CheckSymbolExists.c.o  -o cmTryCompileExec2531077502 -rdynamic 
CMakeFiles/cmTryCompileExec2531077502.dir/CheckSymbolExists.c.o: In function `main':
CheckSymbolExists.c:(.text+0x16): undefined reference to `pthread_create'
collect2: error: ld returned 1 exit status
make[2]: Leaving directory `/opt/ros/jade/stacks/Qbo/camera_umd/uvc_camera/build/CMakeFiles/CMakeTmp'
make[2]: *** [cmTryCompileExec2531077502] Error 1
make[1]: *** [cmTryCompileExec2531077502/fast] Error 2
make[1]: Leaving directory `/opt/ros/jade/stacks/Qbo/camera_umd/uvc_camera/build/CMakeFiles/CMakeTmp'

File /opt/ros/jade/stacks/Qbo/camera_umd/uvc_camera/build/CMakeFiles/CMakeTmp/CheckSymbolExists.c:
/* */
#include <pthread.h>

int main(int argc, char** argv)
{
  (void)argv;
#ifndef pthread_create
  return ((int*)(&pthread_create))[argc];
#else
  (void)argc;
  return 0;
#endif
}

Determining if the function pthread_create exists in the pthreads failed with the following output:
Change Dir: /opt/ros/jade/stacks/Qbo/camera_umd/uvc_camera/build/CMakeFiles/CMakeTmp

Run Build Command:/usr/bin/make "cmTryCompileExec39348946/fast"
make[1]: Entering directory `/opt/ros/jade/stacks/Qbo/camera_umd/uvc_camera/build/CMakeFiles/CMakeTmp'
/usr/bin/make -f CMakeFiles/cmTryCompileExec39348946.dir/build.make CMakeFiles/cmTryCompileExec39348946.dir/build
make[2]: Entering directory `/opt/ros/jade/stacks/Qbo/camera_umd/uvc_camera/build/CMakeFiles/CMakeTmp'
/usr/bin/cmake -E cmake_progress_report /opt/ros/jade/stacks/Qbo/camera_umd/uvc_camera/build/CMakeFiles/CMakeTmp/CMakeFiles 1
Building C object CMakeFiles/cmTryCompileExec39348946.dir/CheckFunctionExists.c.o
/usr/bin/cc   -DCHECK_FUNCTION_EXISTS=pthread_create   -o CMakeFiles/cmTryCompileExec39348946.dir/CheckFunctionExists.c.o   -c /usr/share/cmake-2.8/Modules/CheckFunctionExists.c
Linking C executable cmTryCompileExec39348946
/usr/bin/cmake -E cmake_link_script CMakeFiles/cmTryCompileExec39348946.dir/link.txt --verbose=1
/usr/bin/cc   -DCHECK_FUNCTION_EXISTS=pthread_create    CMakeFiles/cmTryCompileExec39348946.dir/CheckFunctionExists.c.o  -o cmTryCompileExec39348946 -rdynamic -lpthreads 
/usr/bin/ld: cannot find -lpthreads
collect2: error: ld returned 1 exit status
make[2]: Leaving directory `/opt/ros/jade/stacks/Qbo/camera_umd/uvc_camera/build/CMakeFiles/CMakeTmp'
make[2]: *** [cmTryCompileExec39348946] Error 1
make[1]: Leaving directory `/opt/ros/jade/stacks/Qbo/camera_umd/uvc_camera/build/CMakeFiles/CMakeTmp'
make[1]: *** [cmTryCompileExec39348946/fast] Error 2


