Determining if the pthread_create exist failed with the following output:
Change Dir: /opt/ros/jade/stacks/Qbo/image_common/camera_info_manager/build/CMakeFiles/CMakeTmp

Run Build Command:/usr/bin/make "cmTryCompileExec1329042531/fast"
make[1]: Entering directory `/opt/ros/jade/stacks/Qbo/image_common/camera_info_manager/build/CMakeFiles/CMakeTmp'
/usr/bin/make -f CMakeFiles/cmTryCompileExec1329042531.dir/build.make CMakeFiles/cmTryCompileExec1329042531.dir/build
make[2]: Entering directory `/opt/ros/jade/stacks/Qbo/image_common/camera_info_manager/build/CMakeFiles/CMakeTmp'
/usr/bin/cmake -E cmake_progress_report /opt/ros/jade/stacks/Qbo/image_common/camera_info_manager/build/CMakeFiles/CMakeTmp/CMakeFiles 1
Building C object CMakeFiles/cmTryCompileExec1329042531.dir/CheckSymbolExists.c.o
/usr/bin/cc    -o CMakeFiles/cmTryCompileExec1329042531.dir/CheckSymbolExists.c.o   -c /opt/ros/jade/stacks/Qbo/image_common/camera_info_manager/build/CMakeFiles/CMakeTmp/CheckSymbolExists.c
Linking C executable cmTryCompileExec1329042531
/usr/bin/cmake -E cmake_link_script CMakeFiles/cmTryCompileExec1329042531.dir/link.txt --verbose=1
/usr/bin/cc       CMakeFiles/cmTryCompileExec1329042531.dir/CheckSymbolExists.c.o  -o cmTryCompileExec1329042531 -rdynamic 
CMakeFiles/cmTryCompileExec1329042531.dir/CheckSymbolExists.c.o: In function `main':
CheckSymbolExists.c:(.text+0x16): undefined reference to `pthread_create'
collect2: error: ld returned 1 exit status
make[2]: Leaving directory `/opt/ros/jade/stacks/Qbo/image_common/camera_info_manager/build/CMakeFiles/CMakeTmp'
make[2]: *** [cmTryCompileExec1329042531] Error 1
make[1]: Leaving directory `/opt/ros/jade/stacks/Qbo/image_common/camera_info_manager/build/CMakeFiles/CMakeTmp'
make[1]: *** [cmTryCompileExec1329042531/fast] Error 2

File /opt/ros/jade/stacks/Qbo/image_common/camera_info_manager/build/CMakeFiles/CMakeTmp/CheckSymbolExists.c:
/* */
#include <pthread.h>

int main(int argc, char** argv)
{
  (void)argv;
#ifndef pthread_create
  return ((int*)(&pthread_create))[argc];
#else
  (void)argc;
  return 0;
#endif
}

Determining if the function pthread_create exists in the pthreads failed with the following output:
Change Dir: /opt/ros/jade/stacks/Qbo/image_common/camera_info_manager/build/CMakeFiles/CMakeTmp

Run Build Command:/usr/bin/make "cmTryCompileExec1389195233/fast"
make[1]: Entering directory `/opt/ros/jade/stacks/Qbo/image_common/camera_info_manager/build/CMakeFiles/CMakeTmp'
/usr/bin/make -f CMakeFiles/cmTryCompileExec1389195233.dir/build.make CMakeFiles/cmTryCompileExec1389195233.dir/build
make[2]: Entering directory `/opt/ros/jade/stacks/Qbo/image_common/camera_info_manager/build/CMakeFiles/CMakeTmp'
/usr/bin/cmake -E cmake_progress_report /opt/ros/jade/stacks/Qbo/image_common/camera_info_manager/build/CMakeFiles/CMakeTmp/CMakeFiles 1
Building C object CMakeFiles/cmTryCompileExec1389195233.dir/CheckFunctionExists.c.o
/usr/bin/cc   -DCHECK_FUNCTION_EXISTS=pthread_create   -o CMakeFiles/cmTryCompileExec1389195233.dir/CheckFunctionExists.c.o   -c /usr/share/cmake-2.8/Modules/CheckFunctionExists.c
Linking C executable cmTryCompileExec1389195233
/usr/bin/cmake -E cmake_link_script CMakeFiles/cmTryCompileExec1389195233.dir/link.txt --verbose=1
/usr/bin/cc   -DCHECK_FUNCTION_EXISTS=pthread_create    CMakeFiles/cmTryCompileExec1389195233.dir/CheckFunctionExists.c.o  -o cmTryCompileExec1389195233 -rdynamic -lpthreads 
/usr/bin/ld: cannot find -lpthreads
collect2: error: ld returned 1 exit status
make[2]: *** [cmTryCompileExec1389195233] Error 1
make[2]: Leaving directory `/opt/ros/jade/stacks/Qbo/image_common/camera_info_manager/build/CMakeFiles/CMakeTmp'
make[1]: *** [cmTryCompileExec1389195233/fast] Error 2
make[1]: Leaving directory `/opt/ros/jade/stacks/Qbo/image_common/camera_info_manager/build/CMakeFiles/CMakeTmp'


