Determining if the pthread_create exist failed with the following output:
Change Dir: /opt/ros/jade/stacks/Qbo/camera_umd/jpeg_streamer/build/CMakeFiles/CMakeTmp

Run Build Command:/usr/bin/make "cmTryCompileExec4221020926/fast"
make[1]: Entering directory `/opt/ros/jade/stacks/Qbo/camera_umd/jpeg_streamer/build/CMakeFiles/CMakeTmp'
/usr/bin/make -f CMakeFiles/cmTryCompileExec4221020926.dir/build.make CMakeFiles/cmTryCompileExec4221020926.dir/build
make[2]: Entering directory `/opt/ros/jade/stacks/Qbo/camera_umd/jpeg_streamer/build/CMakeFiles/CMakeTmp'
/usr/bin/cmake -E cmake_progress_report /opt/ros/jade/stacks/Qbo/camera_umd/jpeg_streamer/build/CMakeFiles/CMakeTmp/CMakeFiles 1
Building C object CMakeFiles/cmTryCompileExec4221020926.dir/CheckSymbolExists.c.o
/usr/bin/cc    -o CMakeFiles/cmTryCompileExec4221020926.dir/CheckSymbolExists.c.o   -c /opt/ros/jade/stacks/Qbo/camera_umd/jpeg_streamer/build/CMakeFiles/CMakeTmp/CheckSymbolExists.c
Linking C executable cmTryCompileExec4221020926
/usr/bin/cmake -E cmake_link_script CMakeFiles/cmTryCompileExec4221020926.dir/link.txt --verbose=1
/usr/bin/cc       CMakeFiles/cmTryCompileExec4221020926.dir/CheckSymbolExists.c.o  -o cmTryCompileExec4221020926 -rdynamic 
CMakeFiles/cmTryCompileExec4221020926.dir/CheckSymbolExists.c.o: In function `main':
CheckSymbolExists.c:(.text+0x16): undefined reference to `pthread_create'
collect2: error: ld returned 1 exit status
make[2]: Leaving directory `/opt/ros/jade/stacks/Qbo/camera_umd/jpeg_streamer/build/CMakeFiles/CMakeTmp'
make[2]: *** [cmTryCompileExec4221020926] Error 1
make[1]: Leaving directory `/opt/ros/jade/stacks/Qbo/camera_umd/jpeg_streamer/build/CMakeFiles/CMakeTmp'
make[1]: *** [cmTryCompileExec4221020926/fast] Error 2

File /opt/ros/jade/stacks/Qbo/camera_umd/jpeg_streamer/build/CMakeFiles/CMakeTmp/CheckSymbolExists.c:
/* */
#include <pthread.h>

int main(int argc, char** argv)
{
  (void)argv;
#ifndef pthread_create
  return ((int*)(&pthread_create))[argc];
#else
  (void)argc;
  return 0;
#endif
}

Determining if the function pthread_create exists in the pthreads failed with the following output:
Change Dir: /opt/ros/jade/stacks/Qbo/camera_umd/jpeg_streamer/build/CMakeFiles/CMakeTmp

Run Build Command:/usr/bin/make "cmTryCompileExec1599646643/fast"
make[1]: Entering directory `/opt/ros/jade/stacks/Qbo/camera_umd/jpeg_streamer/build/CMakeFiles/CMakeTmp'
/usr/bin/make -f CMakeFiles/cmTryCompileExec1599646643.dir/build.make CMakeFiles/cmTryCompileExec1599646643.dir/build
make[2]: Entering directory `/opt/ros/jade/stacks/Qbo/camera_umd/jpeg_streamer/build/CMakeFiles/CMakeTmp'
/usr/bin/cmake -E cmake_progress_report /opt/ros/jade/stacks/Qbo/camera_umd/jpeg_streamer/build/CMakeFiles/CMakeTmp/CMakeFiles 1
Building C object CMakeFiles/cmTryCompileExec1599646643.dir/CheckFunctionExists.c.o
/usr/bin/cc   -DCHECK_FUNCTION_EXISTS=pthread_create   -o CMakeFiles/cmTryCompileExec1599646643.dir/CheckFunctionExists.c.o   -c /usr/share/cmake-2.8/Modules/CheckFunctionExists.c
Linking C executable cmTryCompileExec1599646643
/usr/bin/cmake -E cmake_link_script CMakeFiles/cmTryCompileExec1599646643.dir/link.txt --verbose=1
/usr/bin/cc   -DCHECK_FUNCTION_EXISTS=pthread_create    CMakeFiles/cmTryCompileExec1599646643.dir/CheckFunctionExists.c.o  -o cmTryCompileExec1599646643 -rdynamic -lpthreads 
/usr/bin/ld: cannot find -lpthreads
collect2: error: ld returned 1 exit status
make[2]: Leaving directory `/opt/ros/jade/stacks/Qbo/camera_umd/jpeg_streamer/build/CMakeFiles/CMakeTmp'
make[2]: *** [cmTryCompileExec1599646643] Error 1
make[1]: *** [cmTryCompileExec1599646643/fast] Error 2
make[1]: Leaving directory `/opt/ros/jade/stacks/Qbo/camera_umd/jpeg_streamer/build/CMakeFiles/CMakeTmp'


